2024/05/15 12:53:23 [notice] 1#1: using the "epoll" event method
2024/05/15 12:53:23 [notice] 1#1: nginx/1.25.5
2024/05/15 12:53:23 [notice] 1#1: built by gcc 13.2.1 20231014 (Alpine 13.2.1_git20231014) 
2024/05/15 12:53:23 [notice] 1#1: OS: Linux 5.15.133.1-microsoft-standard-WSL2
2024/05/15 12:53:23 [notice] 1#1: getrlimit(RLIMIT_NOFILE): 1048576:1048576
2024/05/15 12:53:23 [notice] 1#1: start worker processes
2024/05/15 12:53:23 [notice] 1#1: start worker process 36
2024/05/15 12:53:23 [notice] 1#1: start worker process 37
2024/05/15 12:53:23 [notice] 1#1: start worker process 38
2024/05/15 12:53:23 [notice] 1#1: start worker process 39
2024/05/15 12:53:23 [notice] 1#1: start worker process 40
2024/05/15 12:53:23 [notice] 1#1: start worker process 41
2024/05/15 12:53:23 [notice] 1#1: start worker process 42
2024/05/15 12:53:23 [notice] 1#1: start worker process 43
2024/05/15 12:53:23 [notice] 1#1: start worker process 44
2024/05/15 12:53:23 [notice] 1#1: start worker process 45
2024/05/15 12:53:23 [notice] 1#1: start worker process 46
2024/05/15 12:53:23 [notice] 1#1: start worker process 47
2024/05/15 13:07:04 [notice] 1#1: signal 3 (SIGQUIT) received, shutting down
2024/05/15 13:07:04 [notice] 36#36: gracefully shutting down
2024/05/15 13:07:04 [notice] 38#38: gracefully shutting down
2024/05/15 13:07:04 [notice] 39#39: gracefully shutting down
2024/05/15 13:07:04 [notice] 37#37: gracefully shutting down
2024/05/15 13:07:04 [notice] 40#40: gracefully shutting down
2024/05/15 13:07:04 [notice] 42#42: gracefully shutting down
2024/05/15 13:07:04 [notice] 41#41: gracefully shutting down
2024/05/15 13:07:04 [notice] 44#44: gracefully shutting down
2024/05/15 13:07:04 [notice] 43#43: gracefully shutting down
2024/05/15 13:07:04 [notice] 45#45: gracefully shutting down
2024/05/15 13:07:04 [notice] 46#46: gracefully shutting down
2024/05/15 13:07:04 [notice] 47#47: gracefully shutting down
2024/05/15 13:07:04 [notice] 36#36: exiting
2024/05/15 13:07:04 [notice] 38#38: exiting
2024/05/15 13:07:04 [notice] 39#39: exiting
2024/05/15 13:07:04 [notice] 37#37: exiting
2024/05/15 13:07:04 [notice] 40#40: exiting
2024/05/15 13:07:04 [notice] 42#42: exiting
2024/05/15 13:07:04 [notice] 41#41: exiting
2024/05/15 13:07:04 [notice] 44#44: exiting
2024/05/15 13:07:04 [notice] 43#43: exiting
2024/05/15 13:07:04 [notice] 45#45: exiting
2024/05/15 13:07:04 [notice] 46#46: exiting
2024/05/15 13:07:04 [notice] 47#47: exiting
2024/05/15 13:07:04 [notice] 36#36: exit
2024/05/15 13:07:04 [notice] 38#38: exit
2024/05/15 13:07:04 [notice] 39#39: exit
2024/05/15 13:07:04 [notice] 37#37: exit
2024/05/15 13:07:04 [notice] 40#40: exit
2024/05/15 13:07:04 [notice] 42#42: exit
2024/05/15 13:07:04 [notice] 41#41: exit
2024/05/15 13:07:04 [notice] 44#44: exit
2024/05/15 13:07:04 [notice] 43#43: exit
2024/05/15 13:07:04 [notice] 45#45: exit
2024/05/15 13:07:04 [notice] 46#46: exit
2024/05/15 13:07:04 [notice] 47#47: exit
2024/05/15 13:07:05 [notice] 1#1: signal 17 (SIGCHLD) received from 39
2024/05/15 13:07:05 [notice] 1#1: worker process 38 exited with code 0
2024/05/15 13:07:05 [notice] 1#1: worker process 39 exited with code 0
2024/05/15 13:07:05 [notice] 1#1: worker process 41 exited with code 0
2024/05/15 13:07:05 [notice] 1#1: worker process 42 exited with code 0
2024/05/15 13:07:05 [notice] 1#1: worker process 44 exited with code 0
2024/05/15 13:07:05 [notice] 1#1: worker process 45 exited with code 0
2024/05/15 13:07:05 [notice] 1#1: worker process 46 exited with code 0
2024/05/15 13:07:05 [notice] 1#1: worker process 47 exited with code 0
2024/05/15 13:07:05 [notice] 1#1: signal 29 (SIGIO) received
2024/05/15 13:07:05 [notice] 1#1: signal 17 (SIGCHLD) received from 37
2024/05/15 13:07:05 [notice] 1#1: worker process 37 exited with code 0
2024/05/15 13:07:05 [notice] 1#1: signal 29 (SIGIO) received
2024/05/15 13:07:05 [notice] 1#1: signal 17 (SIGCHLD) received from 36
2024/05/15 13:07:05 [notice] 1#1: worker process 36 exited with code 0
2024/05/15 13:07:05 [notice] 1#1: worker process 40 exited with code 0
2024/05/15 13:07:05 [notice] 1#1: worker process 43 exited with code 0
2024/05/15 13:07:05 [notice] 1#1: exit
2024/05/15 13:07:05 [notice] 1#1: using the "epoll" event method
2024/05/15 13:07:05 [notice] 1#1: nginx/1.25.5
2024/05/15 13:07:05 [notice] 1#1: built by gcc 13.2.1 20231014 (Alpine 13.2.1_git20231014) 
2024/05/15 13:07:05 [notice] 1#1: OS: Linux 5.15.133.1-microsoft-standard-WSL2
2024/05/15 13:07:05 [notice] 1#1: getrlimit(RLIMIT_NOFILE): 1048576:1048576
2024/05/15 13:07:05 [notice] 1#1: start worker processes
2024/05/15 13:07:05 [notice] 1#1: start worker process 35
2024/05/15 13:07:05 [notice] 1#1: start worker process 36
2024/05/15 13:07:05 [notice] 1#1: start worker process 37
2024/05/15 13:07:05 [notice] 1#1: start worker process 38
2024/05/15 13:07:05 [notice] 1#1: start worker process 39
2024/05/15 13:07:05 [notice] 1#1: start worker process 40
2024/05/15 13:07:05 [notice] 1#1: start worker process 41
2024/05/15 13:07:05 [notice] 1#1: start worker process 42
2024/05/15 13:07:05 [notice] 1#1: start worker process 43
2024/05/15 13:07:05 [notice] 1#1: start worker process 44
2024/05/15 13:07:05 [notice] 1#1: start worker process 45
2024/05/15 13:07:05 [notice] 1#1: start worker process 46
2024/05/15 13:08:32 [notice] 1#1: signal 3 (SIGQUIT) received, shutting down
2024/05/15 13:08:32 [notice] 35#35: gracefully shutting down
2024/05/15 13:08:32 [notice] 36#36: gracefully shutting down
2024/05/15 13:08:32 [notice] 37#37: gracefully shutting down
2024/05/15 13:08:32 [notice] 38#38: gracefully shutting down
2024/05/15 13:08:32 [notice] 39#39: gracefully shutting down
2024/05/15 13:08:32 [notice] 40#40: gracefully shutting down
2024/05/15 13:08:32 [notice] 41#41: gracefully shutting down
2024/05/15 13:08:32 [notice] 42#42: gracefully shutting down
2024/05/15 13:08:32 [notice] 44#44: gracefully shutting down
2024/05/15 13:08:32 [notice] 45#45: gracefully shutting down
2024/05/15 13:08:32 [notice] 43#43: gracefully shutting down
2024/05/15 13:08:32 [notice] 43#43: exiting
2024/05/15 13:08:32 [notice] 46#46: gracefully shutting down
2024/05/15 13:08:32 [notice] 35#35: exiting
2024/05/15 13:08:32 [notice] 36#36: exiting
2024/05/15 13:08:32 [notice] 37#37: exiting
2024/05/15 13:08:32 [notice] 38#38: exiting
2024/05/15 13:08:32 [notice] 39#39: exiting
2024/05/15 13:08:32 [notice] 40#40: exiting
2024/05/15 13:08:32 [notice] 41#41: exiting
2024/05/15 13:08:32 [notice] 42#42: exiting
2024/05/15 13:08:32 [notice] 44#44: exiting
2024/05/15 13:08:32 [notice] 45#45: exiting
2024/05/15 13:08:32 [notice] 43#43: exit
2024/05/15 13:08:32 [notice] 46#46: exiting
2024/05/15 13:08:32 [notice] 35#35: exit
2024/05/15 13:08:32 [notice] 36#36: exit
2024/05/15 13:08:32 [notice] 37#37: exit
2024/05/15 13:08:32 [notice] 38#38: exit
2024/05/15 13:08:32 [notice] 39#39: exit
2024/05/15 13:08:32 [notice] 40#40: exit
2024/05/15 13:08:32 [notice] 41#41: exit
2024/05/15 13:08:32 [notice] 42#42: exit
2024/05/15 13:08:32 [notice] 44#44: exit
2024/05/15 13:08:32 [notice] 45#45: exit
2024/05/15 13:08:32 [notice] 46#46: exit
2024/05/15 13:08:32 [notice] 1#1: signal 17 (SIGCHLD) received from 38
2024/05/15 13:08:32 [notice] 1#1: worker process 38 exited with code 0
2024/05/15 13:08:32 [notice] 1#1: worker process 44 exited with code 0
2024/05/15 13:08:32 [notice] 1#1: signal 29 (SIGIO) received
2024/05/15 13:08:33 [notice] 1#1: signal 17 (SIGCHLD) received from 35
2024/05/15 13:08:33 [notice] 1#1: worker process 35 exited with code 0
2024/05/15 13:08:33 [notice] 1#1: worker process 36 exited with code 0
2024/05/15 13:08:33 [notice] 1#1: worker process 37 exited with code 0
2024/05/15 13:08:33 [notice] 1#1: worker process 40 exited with code 0
2024/05/15 13:08:33 [notice] 1#1: worker process 41 exited with code 0
2024/05/15 13:08:33 [notice] 1#1: worker process 42 exited with code 0
2024/05/15 13:08:33 [notice] 1#1: worker process 43 exited with code 0
2024/05/15 13:08:33 [notice] 1#1: worker process 45 exited with code 0
2024/05/15 13:08:33 [notice] 1#1: worker process 46 exited with code 0
2024/05/15 13:08:33 [notice] 1#1: signal 29 (SIGIO) received
2024/05/15 13:08:33 [notice] 1#1: signal 17 (SIGCHLD) received from 36
2024/05/15 13:08:33 [notice] 1#1: signal 17 (SIGCHLD) received from 39
2024/05/15 13:08:33 [notice] 1#1: worker process 39 exited with code 0
2024/05/15 13:08:33 [notice] 1#1: exit
2024/05/15 13:08:48 [notice] 1#1: using the "epoll" event method
2024/05/15 13:08:48 [notice] 1#1: nginx/1.25.5
2024/05/15 13:08:48 [notice] 1#1: built by gcc 13.2.1 20231014 (Alpine 13.2.1_git20231014) 
2024/05/15 13:08:48 [notice] 1#1: OS: Linux 5.15.133.1-microsoft-standard-WSL2
2024/05/15 13:08:48 [notice] 1#1: getrlimit(RLIMIT_NOFILE): 1048576:1048576
2024/05/15 13:08:48 [notice] 1#1: start worker processes
2024/05/15 13:08:48 [notice] 1#1: start worker process 36
2024/05/15 13:08:48 [notice] 1#1: start worker process 37
2024/05/15 13:08:48 [notice] 1#1: start worker process 38
2024/05/15 13:08:48 [notice] 1#1: start worker process 39
2024/05/15 13:08:48 [notice] 1#1: start worker process 40
2024/05/15 13:08:48 [notice] 1#1: start worker process 41
2024/05/15 13:08:48 [notice] 1#1: start worker process 42
2024/05/15 13:08:48 [notice] 1#1: start worker process 43
2024/05/15 13:08:48 [notice] 1#1: start worker process 44
2024/05/15 13:08:48 [notice] 1#1: start worker process 45
2024/05/15 13:08:48 [notice] 1#1: start worker process 46
2024/05/15 13:08:48 [notice] 1#1: start worker process 47
